<?xml version="1.0" encoding="UTF-8"?>
<!-- Generated by org.testng.reporters.JUnitReportReporter -->
<testsuite hostname="huawei_gr3_2017-bee0c5de7.home" failures="0" tests="1" name="com.example.tests.searchProduct" time="9.026" errors="0" timestamp="2025-09-06T08:44:51 GMT+03:00" skipped="0">
  <testcase classname="com.example.tests.searchProduct" name="validLoginTest" time="9.026"/>
</testsuite> <!-- com.example.tests.searchProduct -->
